<?xml version="1.0" encoding="UTF-8"?>
<!-- Generated by org.testng.reporters.JUnitReportReporter -->
<testsuite hostname="DESKTOP-59T47C6" failures="4" tests="50" name="commonMethods.Testcases" time="4100.699" errors="0" timestamp="15 Jun 2024 14:04:03 GMT">
  <testcase classname="commonMethods.Testcases" name="TC_Coastal_Schedule_CS03" time="228.773">
    <failure message="null" type="java.lang.AssertionError">
      <![CDATA[java.lang.AssertionError: null
	at org.testng.Assert.fail(Assert.java:94)
	at org.testng.Assert.fail(Assert.java:101)
	at commonMethods.Keywords.waitForElement(Keywords.java:304)
	at commonMethods.Keywords.click(Keywords.java:379)
	at Coastalschedule_scripts.TC_Coastal_Schedule_CS03.AddPort(TC_Coastal_Schedule_CS03.java:248)
	at commonMethods.Testcases.TC_Coastal_Schedule_CS03(Testcases.java:849)
	at java.base/jdk.internal.reflect.NativeMethodAccessorImpl.invoke0(Native Method)
	at java.base/jdk.internal.reflect.NativeMethodAccessorImpl.invoke(NativeMethodAccessorImpl.java:77)
	at java.base/jdk.internal.reflect.DelegatingMethodAccessorImpl.invoke(DelegatingMethodAccessorImpl.java:43)
	at java.base/java.lang.reflect.Method.invoke(Method.java:568)
	at org.testng.internal.MethodInvocationHelper.invokeMethod(MethodInvocationHelper.java:86)
	at org.testng.internal.Invoker.invokeMethod(Invoker.java:643)
	at org.testng.internal.Invoker.invokeTestMethod(Invoker.java:820)
	at org.testng.internal.Invoker.invokeTestMethods(Invoker.java:1128)
	at org.testng.internal.TestMethodWorker.invokeTestMethods(TestMethodWorker.java:129)
	at org.testng.internal.TestMethodWorker.run(TestMethodWorker.java:112)
	at org.testng.TestRunner.privateRun(TestRunner.java:782)
	at org.testng.TestRunner.run(TestRunner.java:632)
	at org.testng.SuiteRunner.runTest(SuiteRunner.java:366)
	at org.testng.SuiteRunner.runSequentially(SuiteRunner.java:361)
	at org.testng.SuiteRunner.privateRun(SuiteRunner.java:319)
	at org.testng.SuiteRunner.run(SuiteRunner.java:268)
	at org.testng.SuiteRunnerWorker.runSuite(SuiteRunnerWorker.java:52)
	at org.testng.SuiteRunnerWorker.run(SuiteRunnerWorker.java:86)
	at org.testng.TestNG.runSuitesSequentially(TestNG.java:1244)
	at org.testng.TestNG.runSuitesLocally(TestNG.java:1169)
	at org.testng.TestNG.run(TestNG.java:1064)
	at org.apache.maven.surefire.testng.TestNGExecutor.run(TestNGExecutor.java:308)
	at org.apache.maven.surefire.testng.TestNGXmlTestSuite.execute(TestNGXmlTestSuite.java:71)
	at org.apache.maven.surefire.testng.TestNGProvider.invoke(TestNGProvider.java:113)
	at org.apache.maven.surefire.booter.ForkedBooter.runSuitesInProcess(ForkedBooter.java:385)
	at org.apache.maven.surefire.booter.ForkedBooter.execute(ForkedBooter.java:162)
	at org.apache.maven.surefire.booter.ForkedBooter.run(ForkedBooter.java:507)
	at org.apache.maven.surefire.booter.ForkedBooter.main(ForkedBooter.java:495)
]]>
    </failure>
  </testcase> <!-- TC_Coastal_Schedule_CS03 -->
  <testcase classname="commonMethods.Testcases" name="TC_Coastal_Schedule_CS08" time="47.361"/>
  <testcase classname="commonMethods.Testcases" name="TC_Service_Creation_SC07" time="16.806"/>
  <testcase classname="commonMethods.Testcases" name="TC_Service_Creation_SC05" time="61.543"/>
  <testcase classname="commonMethods.Testcases" name="TC_Long_Term_Creation_LT13" time="87.932"/>
  <testcase classname="commonMethods.Testcases" name="TC_Coastal_Schedule_CS14" time="127.033"/>
  <testcase classname="commonMethods.Testcases" name="TC_Coastal_Schedule_CS16" time="63.642"/>
  <testcase classname="commonMethods.Testcases" name="TC_Long_Term_Creation_LT15" time="76.475"/>
  <testcase classname="commonMethods.Testcases" name="TC_Service_Creation_SC02" time="63.945"/>
  <testcase classname="commonMethods.Testcases" name="TC_Proforma_Service_Creation_PC09" time="40.962"/>
  <testcase classname="commonMethods.Testcases" name="TC_Long_Term_Creation_LT07" time="53.894"/>
  <testcase classname="commonMethods.Testcases" name="TC_Coastal_Schedule_CS06" time="177.971"/>
  <testcase classname="commonMethods.Testcases" name="TC_Proforma_Service_Creation_PC03" time="104.621"/>
  <testcase classname="commonMethods.Testcases" name="TC_Long_Term_Creation_LT02" time="27.903"/>
  <testcase classname="commonMethods.Testcases" name="TC_Coastal_Schedule_CS07" time="219.772"/>
  <testcase classname="commonMethods.Testcases" name="TC_Proforma_Service_Creation_PC08" time="105.522"/>
  <testcase classname="commonMethods.Testcases" name="TC_Coastal_Schedule_CS05" time="114.873"/>
  <testcase classname="commonMethods.Testcases" name="TC_Service_Creation_SC01" time="57.075"/>
  <testcase classname="commonMethods.Testcases" name="TC_Coastal_Schedule_CS01_2" time="90.278"/>
  <testcase classname="commonMethods.Testcases" name="TC_Coastal_Schedule_CS09" time="188.311"/>
  <testcase classname="commonMethods.Testcases" name="TC_Proforma_Service_Creation_PC07" time="29.183"/>
  <testcase classname="commonMethods.Testcases" name="TC_Service_Creation_SC03" time="79.707"/>
  <testcase classname="commonMethods.Testcases" name="TC_Long_Term_Creation_LT03" time="44.071"/>
  <testcase classname="commonMethods.Testcases" name="TC_Proforma_Service_Creation_PC05" time="184.077"/>
  <testcase classname="commonMethods.Testcases" name="TC_Long_Term_Creation_LT16" time="44.201"/>
  <testcase classname="commonMethods.Testcases" name="TC_Proforma_Service_Creation_PC01" time="59.533"/>
  <testcase classname="commonMethods.Testcases" name="TC_Coastal_Schedule_CS12" time="117.620"/>
  <testcase classname="commonMethods.Testcases" name="TC_Long_Term_Creation_LT08" time="87.133"/>
  <testcase classname="commonMethods.Testcases" name="TC_Coastal_Schedule_CS02" time="26.094">
    <failure message="null" type="java.lang.AssertionError">
      <![CDATA[java.lang.AssertionError: null
	at org.testng.Assert.fail(Assert.java:94)
	at org.testng.Assert.fail(Assert.java:101)
	at commonMethods.Keywords.click(Keywords.java:395)
	at Coastalschedule_scripts.TC_Coastal_Schedule_CS02.AdjustingTime(TC_Coastal_Schedule_CS02.java:76)
	at commonMethods.Testcases.TC_Coastal_Schedule_CS02(Testcases.java:929)
	at java.base/jdk.internal.reflect.NativeMethodAccessorImpl.invoke0(Native Method)
	at java.base/jdk.internal.reflect.NativeMethodAccessorImpl.invoke(NativeMethodAccessorImpl.java:77)
	at java.base/jdk.internal.reflect.DelegatingMethodAccessorImpl.invoke(DelegatingMethodAccessorImpl.java:43)
	at java.base/java.lang.reflect.Method.invoke(Method.java:568)
	at org.testng.internal.MethodInvocationHelper.invokeMethod(MethodInvocationHelper.java:86)
	at org.testng.internal.Invoker.invokeMethod(Invoker.java:643)
	at org.testng.internal.Invoker.invokeTestMethod(Invoker.java:820)
	at org.testng.internal.Invoker.invokeTestMethods(Invoker.java:1128)
	at org.testng.internal.TestMethodWorker.invokeTestMethods(TestMethodWorker.java:129)
	at org.testng.internal.TestMethodWorker.run(TestMethodWorker.java:112)
	at org.testng.TestRunner.privateRun(TestRunner.java:782)
	at org.testng.TestRunner.run(TestRunner.java:632)
	at org.testng.SuiteRunner.runTest(SuiteRunner.java:366)
	at org.testng.SuiteRunner.runSequentially(SuiteRunner.java:361)
	at org.testng.SuiteRunner.privateRun(SuiteRunner.java:319)
	at org.testng.SuiteRunner.run(SuiteRunner.java:268)
	at org.testng.SuiteRunnerWorker.runSuite(SuiteRunnerWorker.java:52)
	at org.testng.SuiteRunnerWorker.run(SuiteRunnerWorker.java:86)
	at org.testng.TestNG.runSuitesSequentially(TestNG.java:1244)
	at org.testng.TestNG.runSuitesLocally(TestNG.java:1169)
	at org.testng.TestNG.run(TestNG.java:1064)
	at org.apache.maven.surefire.testng.TestNGExecutor.run(TestNGExecutor.java:308)
	at org.apache.maven.surefire.testng.TestNGXmlTestSuite.execute(TestNGXmlTestSuite.java:71)
	at org.apache.maven.surefire.testng.TestNGProvider.invoke(TestNGProvider.java:113)
	at org.apache.maven.surefire.booter.ForkedBooter.runSuitesInProcess(ForkedBooter.java:385)
	at org.apache.maven.surefire.booter.ForkedBooter.execute(ForkedBooter.java:162)
	at org.apache.maven.surefire.booter.ForkedBooter.run(ForkedBooter.java:507)
	at org.apache.maven.surefire.booter.ForkedBooter.main(ForkedBooter.java:495)
]]>
    </failure>
  </testcase> <!-- TC_Coastal_Schedule_CS02 -->
  <testcase classname="commonMethods.Testcases" name="TC_Long_Term_Creation_LT14" time="47.433"/>
  <testcase classname="commonMethods.Testcases" name="TC_Long_Term_Creation_LT01" time="62.110">
    <failure message="null" type="java.lang.AssertionError">
      <![CDATA[java.lang.AssertionError: null
	at org.testng.Assert.fail(Assert.java:94)
	at org.testng.Assert.fail(Assert.java:101)
	at commonMethods.Keywords.click(Keywords.java:395)
	at longtermCreation_scripts.TC_Long_Term_Creation_LT01.Createrecord(TC_Long_Term_Creation_LT01.java:203)
	at commonMethods.Testcases.TC_Long_Term_Creation_LT01(Testcases.java:442)
	at java.base/jdk.internal.reflect.NativeMethodAccessorImpl.invoke0(Native Method)
	at java.base/jdk.internal.reflect.NativeMethodAccessorImpl.invoke(NativeMethodAccessorImpl.java:77)
	at java.base/jdk.internal.reflect.DelegatingMethodAccessorImpl.invoke(DelegatingMethodAccessorImpl.java:43)
	at java.base/java.lang.reflect.Method.invoke(Method.java:568)
	at org.testng.internal.MethodInvocationHelper.invokeMethod(MethodInvocationHelper.java:86)
	at org.testng.internal.Invoker.invokeMethod(Invoker.java:643)
	at org.testng.internal.Invoker.invokeTestMethod(Invoker.java:820)
	at org.testng.internal.Invoker.invokeTestMethods(Invoker.java:1128)
	at org.testng.internal.TestMethodWorker.invokeTestMethods(TestMethodWorker.java:129)
	at org.testng.internal.TestMethodWorker.run(TestMethodWorker.java:112)
	at org.testng.TestRunner.privateRun(TestRunner.java:782)
	at org.testng.TestRunner.run(TestRunner.java:632)
	at org.testng.SuiteRunner.runTest(SuiteRunner.java:366)
	at org.testng.SuiteRunner.runSequentially(SuiteRunner.java:361)
	at org.testng.SuiteRunner.privateRun(SuiteRunner.java:319)
	at org.testng.SuiteRunner.run(SuiteRunner.java:268)
	at org.testng.SuiteRunnerWorker.runSuite(SuiteRunnerWorker.java:52)
	at org.testng.SuiteRunnerWorker.run(SuiteRunnerWorker.java:86)
	at org.testng.TestNG.runSuitesSequentially(TestNG.java:1244)
	at org.testng.TestNG.runSuitesLocally(TestNG.java:1169)
	at org.testng.TestNG.run(TestNG.java:1064)
	at org.apache.maven.surefire.testng.TestNGExecutor.run(TestNGExecutor.java:308)
	at org.apache.maven.surefire.testng.TestNGXmlTestSuite.execute(TestNGXmlTestSuite.java:71)
	at org.apache.maven.surefire.testng.TestNGProvider.invoke(TestNGProvider.java:113)
	at org.apache.maven.surefire.booter.ForkedBooter.runSuitesInProcess(ForkedBooter.java:385)
	at org.apache.maven.surefire.booter.ForkedBooter.execute(ForkedBooter.java:162)
	at org.apache.maven.surefire.booter.ForkedBooter.run(ForkedBooter.java:507)
	at org.apache.maven.surefire.booter.ForkedBooter.main(ForkedBooter.java:495)
]]>
    </failure>
  </testcase> <!-- TC_Long_Term_Creation_LT01 -->
  <testcase classname="commonMethods.Testcases" name="TC_Service_Creation_SC04" time="62.688"/>
  <testcase classname="commonMethods.Testcases" name="TC_Proforma_Service_Creation_PC02" time="40.533"/>
  <testcase classname="commonMethods.Testcases" name="TC_Long_Term_Creation_LT12" time="24.039"/>
  <testcase classname="commonMethods.Testcases" name="TC_Service_Creation_SC06" time="80.652"/>
  <testcase classname="commonMethods.Testcases" name="TC_Coastal_Schedule_CS10" time="89.537"/>
  <testcase classname="commonMethods.Testcases" name="TC_Coastal_Schedule_CS17" time="60.867"/>
  <testcase classname="commonMethods.Testcases" name="TC_Proforma_Service_Creation_PC06" time="51.103"/>
  <testcase classname="commonMethods.Testcases" name="TC_Long_Term_Creation_LT06" time="41.210"/>
  <testcase classname="commonMethods.Testcases" name="TC_Coastal_Schedule_CS11" time="63.318"/>
  <testcase classname="commonMethods.Testcases" name="TC_Long_Term_Creation_LT05" time="101.031"/>
  <testcase classname="commonMethods.Testcases" name="TC_Long_Term_Creation_LT04" time="51.348"/>
  <testcase classname="commonMethods.Testcases" name="TC_Coastal_Schedule_CS15" time="98.874"/>
  <testcase classname="commonMethods.Testcases" name="TC_Proforma_Service_Creation_PC04" time="67.285"/>
  <testcase classname="commonMethods.Testcases" name="TC_Long_Term_Creation_LT09_LT10" time="31.769"/>
  <testcase classname="commonMethods.Testcases" name="TC_Coastal_Schedule_CS04" time="236.598">
    <failure message="null" type="java.lang.AssertionError">
      <![CDATA[java.lang.AssertionError: null
	at org.testng.Assert.fail(Assert.java:94)
	at org.testng.Assert.fail(Assert.java:101)
	at commonMethods.Keywords.waitForElement(Keywords.java:304)
	at commonMethods.Keywords.click(Keywords.java:379)
	at Coastalschedule_scripts.TC_Coastal_Schedule_CS04.coastalShedule04(TC_Coastal_Schedule_CS04.java:279)
	at commonMethods.Testcases.TC_Coastal_Schedule_CS04(Testcases.java:833)
	at java.base/jdk.internal.reflect.NativeMethodAccessorImpl.invoke0(Native Method)
	at java.base/jdk.internal.reflect.NativeMethodAccessorImpl.invoke(NativeMethodAccessorImpl.java:77)
	at java.base/jdk.internal.reflect.DelegatingMethodAccessorImpl.invoke(DelegatingMethodAccessorImpl.java:43)
	at java.base/java.lang.reflect.Method.invoke(Method.java:568)
	at org.testng.internal.MethodInvocationHelper.invokeMethod(MethodInvocationHelper.java:86)
	at org.testng.internal.Invoker.invokeMethod(Invoker.java:643)
	at org.testng.internal.Invoker.invokeTestMethod(Invoker.java:820)
	at org.testng.internal.Invoker.invokeTestMethods(Invoker.java:1128)
	at org.testng.internal.TestMethodWorker.invokeTestMethods(TestMethodWorker.java:129)
	at org.testng.internal.TestMethodWorker.run(TestMethodWorker.java:112)
	at org.testng.TestRunner.privateRun(TestRunner.java:782)
	at org.testng.TestRunner.run(TestRunner.java:632)
	at org.testng.SuiteRunner.runTest(SuiteRunner.java:366)
	at org.testng.SuiteRunner.runSequentially(SuiteRunner.java:361)
	at org.testng.SuiteRunner.privateRun(SuiteRunner.java:319)
	at org.testng.SuiteRunner.run(SuiteRunner.java:268)
	at org.testng.SuiteRunnerWorker.runSuite(SuiteRunnerWorker.java:52)
	at org.testng.SuiteRunnerWorker.run(SuiteRunnerWorker.java:86)
	at org.testng.TestNG.runSuitesSequentially(TestNG.java:1244)
	at org.testng.TestNG.runSuitesLocally(TestNG.java:1169)
	at org.testng.TestNG.run(TestNG.java:1064)
	at org.apache.maven.surefire.testng.TestNGExecutor.run(TestNGExecutor.java:308)
	at org.apache.maven.surefire.testng.TestNGXmlTestSuite.execute(TestNGXmlTestSuite.java:71)
	at org.apache.maven.surefire.testng.TestNGProvider.invoke(TestNGProvider.java:113)
	at org.apache.maven.surefire.booter.ForkedBooter.runSuitesInProcess(ForkedBooter.java:385)
	at org.apache.maven.surefire.booter.ForkedBooter.execute(ForkedBooter.java:162)
	at org.apache.maven.surefire.booter.ForkedBooter.run(ForkedBooter.java:507)
	at org.apache.maven.surefire.booter.ForkedBooter.main(ForkedBooter.java:495)
]]>
    </failure>
  </testcase> <!-- TC_Coastal_Schedule_CS04 -->
  <testcase classname="commonMethods.Testcases" name="TC_Long_Term_Creation_LT17" time="99.513"/>
  <testcase classname="commonMethods.Testcases" name="TC_Coastal_Schedule_CS01" time="93.438"/>
  <testcase classname="commonMethods.Testcases" name="TC_Long_Term_Creation_LT11" time="26.071"/>
  <testcase classname="commonMethods.Testcases" name="TC_Coastal_Schedule_CS13" time="44.971"/>
</testsuite> <!-- commonMethods.Testcases -->
